<?xml version="1.0" encoding="UTF-8"?>
<testsuite xmlns:xsi="http://www.w3.org/2001/XMLSchema-instance" xsi:noNamespaceSchemaLocation="https://maven.apache.org/surefire/maven-surefire-plugin/xsd/surefire-test-report-3.0.xsd" version="3.0" name="by.mts.tests.FullPaymentBlockTest" time="353.44" tests="1" errors="0" skipped="0" failures="0">
  <properties>
[...]
</properties>
  <testcase name="testFullPaymentFlow" classname="by.mts.tests.FullPaymentBlockTest" time="353.417">
    <system-out><![CDATA[Куки-баннер закрыт
Поля формы доступны
✅ Блок 'Онлайн пополнение' найден
✅ Плейсхолдеры проверены
Введён телефон: 297777777
Введена сумма: 15
✅ Поля заполнены: телефон +375297777777, сумма 15
Кнопка 'Продолжить' нажата
✅ Кнопка 'Продолжить' нажата
✅ Номер телефона в окне оплаты: 297777777
✅ Сумма в окне оплаты: 15
✅ Сумма на кнопке: 15
✅ Плейсхолдеры полей карты проверены
✅ Иконки платёжных систем (Visa, Mastercard, Белкарт) присутствуют

🎉 ВСЕ ТРЕБОВАНИЯ ВЫПОЛНЕНЫ! 🎉
]]></system-out>
    <system-err><![CDATA[мая 05, 2026 3:05:38 PM org.openqa.selenium.devtools.CdpVersionFinder findNearestMatch
WARNING: Unable to find CDP implementation matching 147
мая 05, 2026 3:05:38 PM org.openqa.selenium.chromium.ChromiumDriver lambda$new$5
WARNING: Unable to find version of CDP to use for 147.0.7727.138. You may need to include a dependency on a specific version of the CDP using something similar to `org.seleniumhq.selenium:selenium-devtools-v86:4.15.0` where the version ("v86") matches the version of the chromium-based browser you're using and the version number of the artifact is the same as Selenium's.
]]></system-err>
  </testcase>
</testsuite>